auth svr: 10.10.4.110
username: 1502000744
password: 19960314
mac: 0x2c56dc17b2de
bind ip: 0.0.0.0
[challenge] recv 02023f769d00000000000100f303e8f0000000000acf3815f000a8a80000e659f16700000000dc02000000000000000000000000000000000000000000000000000000000000000000000000
[DEBUG] challenge:
02023f769d00000000000100f303e8f0000000000acf3815f000a8a80000e659f16700000000dc02000000000000000000000000000000000000000000000000000000000000000000000000
[challenge] challenge packet sent.
[mkpkt] 0301001ebbc9222179a46b57c5ba73189d27ab113135303230303037343400000000000000000000000000000000000000000000000000002004979ffe36cb7ac47f2a500e8a88096e13436cbcdc0230010acf381500000000000000000000000035eb00dfcb0c810a010000000047494c4947494c49455945000000000000000000000000000000000000000000db95c2370acf38fe000000000000000000000000940000000500000001000000280a0000020000004e4f5445370000000000000000000000000000000000000000000000000000000000000000000000000000000000000000000000000000000000000000000000000000000000000000000000000000000000000000000000000000000000000000000000000000000000000000000000000000000000000000000000000000000a0000085487d8b84abcd21b020c70620b1c00002c56dc17b2de0000e913
[login] send 0301001ebbc9222179a46b57c5ba73189d27ab113135303230303037343400000000000000000000000000000000000000000000000000002004979ffe36cb7ac47f2a500e8a88096e13436cbcdc0230010acf381500000000000000000000000035eb00dfcb0c810a010000000047494c4947494c49455945000000000000000000000000000000000000000000db95c2370acf38fe000000000000000000000000940000000500000001000000280a0000020000004e4f5445370000000000000000000000000000000000000000000000000000000000000000000000000000000000000000000000000000000000000000000000000000000000000000000000000000000000000000000000000000000000000000000000000000000000000000000000000000000000000000000000000000000a0000085487d8b84abcd21b020c70620b1c00002c56dc17b2de0000e913
[login] recv 0400000500812300009a56da03ffffffffff00000000004472636f0a0a046e0b380acf38150110b00500030100
[login] packet sent.
[login] loged in
[login] login sent
package_tail 4472636f0a0a046e0b380acf38150110
starting to empty socket buffer
exception in empty_socket_buffer
emptyed
[keep_alive1] send ffbbc9222179a46b57c5ba73189d27ab110000004472636f0a0a046e0b380acf3815011075c000000000
[keep-alive1] recv 07011000060075c049ab0d000acf3815a8a80000e659f16700000000dc020000030000000500000006000000812300009a56da03ffffffffffffffffffffffff
[keep-alive2] send1 070028000b010f272f12000000000000000000000000000000000000000000000000000000000000
[keep-alive2] recv1 070010010b06dc022f12000000000000a8a80000e659f16700000000dc0200004d5a90000300000004000000ffff0000b800000000000000400000000000000000000000000000000000000000000000000000000000000000000000080100000e1fba0e00b409cd21b8014ccd21546869732070726f6772616d2063616e6e6f742062652072756e20696e20444f53206d6f64652e0d0d0a24000000000000007cc3835a38a2ed0938a2ed0938a2ed096181fe093aa2ed0943bee10939a2ed09bbaab00932a2ed09bbbee3093aa2ed0957bde60939a2ed0957bde7093da2ed0957bde9093aa2ed0938a2ec0981a2ed090e84e9093ba2ed090e84e60930a2ed09ffa4eb0939a2ed09c782e9093ba2ed09
[keep-alive2] recv file, resending..
[keep-alive2] send2 070128000b01dc022f12000000000000000000000000000000000000000000000000000000000000
[keep-alive2] recv2 070128000b02dc022f1200000000000049ab0d000000000000000000000000000000000000000000
[keep-alive2] send3 070228000b03dc022f1200000000000049ab0d0000000000000000000acf38150000000000000000
[keep-alive2] recv3 070228000b04dc022f120000000000004aab0d000000000000000000000000000000000000000000
[keep-alive2] keep-alive2 loop was in daemon.
[keep_alive1] send ffbbc9222179a46b57c5ba73189d27ab110000004472636f0a0a046e0b380acf3815011075d400000000
[keep-alive1] recv 07011000060075d407ac0d000acf3815a8a80000e659f16700000000dc02000017000000d2000000ad000000812300009a56da03ffffffffffffffffffffffff
[keep_alive2] send 3 070328000b01dc022f120000000000004aab0d000000000000000000000000000000000000000000
[keep_alive2] recv 070328000b02dc022f1200000000000007ac0d000000000000000000000000000000000000000000
[keep_alive2] send 4 070428000b03dc022f1200000000000007ac0d0000000000000000000acf38150000000000000000
[keep_alive2] recv 070428000b04dc022f1200000000000007ac0d000000000000000000000000000000000000000000
[keep_alive1] send ffbbc9222179a46b57c5ba73189d27ab110000004472636f0a0a046e0b380acf3815011075e800000000
[keep-alive1] recv 07011000060075e8c3ac0d000acf3815a8a80000e659f16700000000dc0200002b000000fa0000001d010000812300009a56da03ffffffffffffffffffffffff
[keep_alive2] send 5 070528000b01dc022f1200000000000007ac0d000000000000000000000000000000000000000000
[keep_alive2] recv 070528000b02dc022f12000000000000c3ac0d000000000000000000000000000000000000000000
[keep_alive2] send 6 070628000b03dc022f12000000000000c3ac0d0000000000000000000acf38150000000000000000
[keep_alive2] recv 070628000b04dc022f12000000000000c3ac0d000000000000000000000000000000000000000000
auth svr: 10.10.4.110
username: 1502000744
password: 19960314
mac: 0x2c56dc17b2de
bind ip: 0.0.0.0
[challenge] recv 0202339c5405000000000100f303e8f0000000000acf381d0400a8a80000e659f16700000000dc02000000000000000000000000000000000000000000000000000000000000000000000000
[DEBUG] challenge:
0202339c5405000000000100f303e8f0000000000acf381d0400a8a80000e659f16700000000dc02000000000000000000000000000000000000000000000000000000000000000000000000
[challenge] challenge packet sent.
[mkpkt] 0301001e43d16f30a29ffd20ed6a7e3bbb42d4cc31353032303030373434000000000000000000000000000000000000000000000000000020046f87b32710412a64ccd71c8493e0056f28434866f7b7010acf381500000000000000000000000094bcfeaea9e9b047010000000047494c4947494c49455945000000000000000000000000000000000000000000db95c2370acf38fe000000000000000000000000940000000500000001000000280a0000020000004e4f5445370000000000000000000000000000000000000000000000000000000000000000000000000000000000000000000000000000000000000000000000000000000000000000000000000000000000000000000000000000000000000000000000000000000000000000000000000000000000000000000000000000000a00020c206f702800002c56dc17b2de0000e913
[login] send 0301001e43d16f30a29ffd20ed6a7e3bbb42d4cc31353032303030373434000000000000000000000000000000000000000000000000000020046f87b32710412a64ccd71c8493e0056f28434866f7b7010acf381500000000000000000000000094bcfeaea9e9b047010000000047494c4947494c49455945000000000000000000000000000000000000000000db95c2370acf38fe000000000000000000000000940000000500000001000000280a0000020000004e4f5445370000000000000000000000000000000000000000000000000000000000000000000000000000000000000000000000000000000000000000000000000000000000000000000000000000000000000000000000000000000000000000000000000000000000000000000000000000000000000000000000000000000a00020c206f702800002c56dc17b2de0000e913
[login] recv 0400000500712d000073a18405ffffffffff00000000004472636f0a0a046ef2a20acf381d01f7b00500030100
[login] packet sent.
[login] loged in
[login] login sent
package_tail 4472636f0a0a046ef2a20acf381d01f7
starting to empty socket buffer
exception in empty_socket_buffer
emptyed
[keep_alive1] send ff43d16f30a29ffd20ed6a7e3bbb42d4cc0000004472636f0a0a046ef2a20acf381d01f79b4600000000
[keep-alive1] recv 0701100006009b46c63f34000acf381da8a80000e659f16700000000dc02000003000000010000000e000000712d000073a18405ffffffffffffffffffffffff
[keep-alive2] send1 070028000b010f272f12000000000000000000000000000000000000000000000000000000000000
[keep-alive2] recv1 070010010b06dc022f12000000000000a8a80000e659f16700000000dc0200004d5a90000300000004000000ffff0000b800000000000000400000000000000000000000000000000000000000000000000000000000000000000000080100000e1fba0e00b409cd21b8014ccd21546869732070726f6772616d2063616e6e6f742062652072756e20696e20444f53206d6f64652e0d0d0a24000000000000007cc3835a38a2ed0938a2ed0938a2ed096181fe093aa2ed0943bee10939a2ed09bbaab00932a2ed09bbbee3093aa2ed0957bde60939a2ed0957bde7093da2ed0957bde9093aa2ed0938a2ec0981a2ed090e84e9093ba2ed090e84e60930a2ed09ffa4eb0939a2ed09c782e9093ba2ed09
[keep-alive2] recv file, resending..
[keep-alive2] send2 070128000b01dc022f12000000000000000000000000000000000000000000000000000000000000
[keep-alive2] recv2 070128000b02dc022f12000000000000c63f34000000000000000000000000000000000000000000
[keep-alive2] send3 070228000b03dc022f12000000000000c63f340000000000000000000acf38150000000000000000
[keep-alive2] recv3 070228000b04dc022f12000000000000c63f34000000000000000000000000000000000000000000
[keep-alive2] keep-alive2 loop was in daemon.
